==13190== Memcheck, a memory error detector
==13190== Copyright (C) 2002-2015, and GNU GPL'd, by Julian Seward et al.
==13190== Using Valgrind-3.11.0 and LibVEX; rerun with -h for copyright info
==13190== Command: ./controleur lasvegas.bin 10 22 22 22
==13190== 
==13190== Conditional jump or move depends on uninitialised value(s)
==13190==    at 0x4016C2: handler_Controleur (controleur.c:16)
==13190==    by 0x52BA4AF: ??? (in /lib/x86_64-linux-gnu/libc-2.23.so)
==13190==    by 0x5381697: tcgetattr (tcgetattr.c:38)
==13190==    by 0x537D95B: isatty (isatty.c:27)
==13190==    by 0x506D680: _nc_setupterm (in /lib/x86_64-linux-gnu/libtinfo.so.5.9)
==13190==    by 0x4E4A389: newterm (in /lib/x86_64-linux-gnu/libncurses.so.5.9)
==13190==    by 0x4E46B52: initscr (in /lib/x86_64-linux-gnu/libncurses.so.5.9)
==13190==    by 0x401E36: ncurses_initialiser (ncurses.c:10)
==13190==    by 0x40187E: main (controleur.c:80)
==13190== 
==13190== 
==13190== HEAP SUMMARY:
==13190==     in use at exit: 365,350 bytes in 467 blocks
==13190==   total heap usage: 499 allocs, 32 frees, 379,504 bytes allocated
==13190== 
==13190== LEAK SUMMARY:
==13190==    definitely lost: 532 bytes in 1 blocks
==13190==    indirectly lost: 0 bytes in 0 blocks
==13190==      possibly lost: 0 bytes in 0 blocks
==13190==    still reachable: 364,818 bytes in 466 blocks
==13190==         suppressed: 0 bytes in 0 blocks
==13190== Rerun with --leak-check=full to see details of leaked memory
==13190== 
==13190== For counts of detected and suppressed errors, rerun with: -v
==13190== Use --track-origins=yes to see where uninitialised values come from
==13190== ERROR SUMMARY: 1 errors from 1 contexts (suppressed: 0 from 0)
