==2632== Memcheck, a memory error detector
==2632== Copyright (C) 2002-2015, and GNU GPL'd, by Julian Seward et al.
==2632== Using Valgrind-3.11.0 and LibVEX; rerun with -h for copyright info
==2632== Command: ./coordinateur 2048
==2632== 
==2632== 
==2632== HEAP SUMMARY:
==2632==     in use at exit: 365,477 bytes in 467 blocks
==2632==   total heap usage: 478 allocs, 11 frees, 374,632 bytes allocated
==2632== 
==2632== LEAK SUMMARY:
==2632==    definitely lost: 450 bytes in 1 blocks
==2632==    indirectly lost: 0 bytes in 0 blocks
==2632==      possibly lost: 0 bytes in 0 blocks
==2632==    still reachable: 365,027 bytes in 466 blocks
==2632==         suppressed: 0 bytes in 0 blocks
==2632== Rerun with --leak-check=full to see details of leaked memory
==2632== 
==2632== For counts of detected and suppressed errors, rerun with: -v
==2632== ERROR SUMMARY: 0 errors from 0 contexts (suppressed: 0 from 0)
